STEP to UG
! INFO-     NX STEP AP203 - V2007
! INFO-      
! INFO-     Start of Translation: 22-OCT-2023  7:12:19 PM
! INFO-      
! STATUS-   Converting Part: C:\Users\k106\OneDrive - 홍익대학교\제21회 임베디드 소프트웨어 경진대회\modeling\logitech-brio-1.snapshot.3\Brio (v5~recovered).step
! SUMMARY-   
! SUMMARY-    STEP Header Information
! SUMMARY-   
! SUMMARY-  Description      Unknown
! SUMMARY-  Imp_Level        2;1
! SUMMARY-  File_Name        C:/Users/peter/Documents/engineering/Grabcad/Brio/Brio (v5~recovered).step
! SUMMARY-  Date             2021-10-11T19:50:54-04:00
! SUMMARY-  Author           Unknown
! SUMMARY-  Organization     Unknown
! SUMMARY-  Pre_Version      ST-DEVELOPER v18.1
! SUMMARY-  Orig_System      Autodesk Translation Framework v10.10.0.1391
! SUMMARY-  Authorization    Unknown
! SUMMARY-  Schema_ID        automotive_design
! SUMMARY-   
! SUMMARY-    Summary of STEP Entities
! SUMMARY-   
! SUMMARY-  Entity Type                                                   Count
! SUMMARY-  -----------                                                   ------
! SUMMARY-  advanced_face ..............................................:     96
! SUMMARY-  application_context ........................................:      1
! SUMMARY-  axis2_placement_3d .........................................:    198
! SUMMARY-  cartesian_point ............................................:    521
! SUMMARY-  circle .....................................................:     95
! SUMMARY-  closed_shell ...............................................:      3
! SUMMARY-  conical_surface ............................................:      1
! SUMMARY-  context_dependent_shape_representation .....................:      3
! SUMMARY-  cylindrical_surface ........................................:     45
! SUMMARY-  direction ..................................................:    552
! SUMMARY-  edge_curve .................................................:    251
! SUMMARY-  edge_loop ..................................................:    122
! SUMMARY-  face_bound .................................................:     26
! SUMMARY-  face_outer_bound ...........................................:     96
! SUMMARY-  geometric_representation_context_and_global_uncertainty_a ..:      5
! SUMMARY-  item_defined_transformation ................................:      3
! SUMMARY-  length_unit_and_si_unit ....................................:      1
! SUMMARY-  line .......................................................:    156
! SUMMARY-  manifold_solid_brep ........................................:      3
! SUMMARY-  next_assembly_usage_occurrence .............................:      3
! SUMMARY-  oriented_edge ..............................................:    502
! SUMMARY-  plane ......................................................:     50
! SUMMARY-  plane_angle_unit_and_si_unit ...............................:      1
! SUMMARY-  product ....................................................:      4
! SUMMARY-  product_context ............................................:      1
! SUMMARY-  product_definition .........................................:      4
! SUMMARY-  product_definition_context .................................:      1
! SUMMARY-  product_definition_formation ...............................:      4
! SUMMARY-  product_definition_shape ...................................:      7
! SUMMARY-  product_related_product_category ...........................:      4
! SUMMARY-  representation_relationship_with_transformation_and_shape ..:      3
! SUMMARY-  shape_representation .......................................:      4
! SUMMARY-  si_unit_and_solid_angle_unit ...............................:      1
! SUMMARY-  uncertainty_measure_with_unit ..............................:      5
! SUMMARY-  vector .....................................................:    156
! SUMMARY-  vertex_point ...............................................:    167
! SUMMARY-                                                               -------
! SUMMARY-  Total                                                           3095
! STATUS-    
! STATUS-   Converting to Output Form (Phase 2 of 3): 22-OCT-2023 7:12:19 PM
! STATUS-    
! STATUS-    
! STATUS-   Generating UG geometry and placing them in parts
! STATUS-    
! STATUS-   Creating the UG part (Phase 3 of 3): 22-OCT-2023  7:12:19 PM
! INFO-     Filing Part ..: C:\Users\k106\OneDrive - 홍익대학교\제21회 임베디드 소프트웨어 경진대회\modeling\Plastic
! SUMMARY-   
! SUMMARY-  Summary of Unigraphics Part Entities
! SUMMARY-   
! SUMMARY-  Entities Processed             Count
! SUMMARY-  ------------------             -----
! SUMMARY-  Solid .......................:     1
! SUMMARY-                                 -----
! SUMMARY-  Total                              1
! STATUS-   Creating the UG part (Phase 3 of 3): 22-OCT-2023  7:12:20 PM
! INFO-     Filing Part ..: C:\Users\k106\OneDrive - 홍익대학교\제21회 임베디드 소프트웨어 경진대회\modeling\Metal Housing
! SUMMARY-   
! SUMMARY-  Summary of Unigraphics Part Entities
! SUMMARY-   
! SUMMARY-  Entities Processed             Count
! SUMMARY-  ------------------             -----
! SUMMARY-  Solid .......................:     1
! SUMMARY-                                 -----
! SUMMARY-  Total                              1
! STATUS-   Creating the UG part (Phase 3 of 3): 22-OCT-2023  7:12:20 PM
! INFO-     Filing Part ..: C:\Users\k106\OneDrive - 홍익대학교\제21회 임베디드 소프트웨어 경진대회\modeling\Front Cover
! SUMMARY-   
! SUMMARY-  Summary of Unigraphics Part Entities
! SUMMARY-   
! SUMMARY-  Entities Processed             Count
! SUMMARY-  ------------------             -----
! SUMMARY-  Solid .......................:     1
! SUMMARY-                                 -----
! SUMMARY-  Total                              1
! STATUS-   Creating the UG part (Phase 3 of 3): 22-OCT-2023  7:12:20 PM
! INFO-     Filing Part ..: C:\Users\k106\OneDrive - 홍익대학교\제21회 임베디드 소프트웨어 경진대회\modeling\Brio (v5~recovered).prt
! SUMMARY-   
! SUMMARY-  Summary of Unigraphics Part Entities
! SUMMARY-   
! SUMMARY-  Entities Processed             Count
! SUMMARY-  ------------------             -----
! SUMMARY-  Component ...................:     3
! SUMMARY-                                 -----
! SUMMARY-  Total                              3
! INFO-      
! INFO-     Total number of solids input for this translation       :         3
! INFO-      
! INFO-     Number of solids created without body validation faults :         3
! INFO-      
! INFO-     Number of solids created with body validation fault(s)  :         0
! INFO-      
! INFO-     Number of solids ending up as sheet bodies              :         0
! INFO-      
! INFO-     End of Translation: 22-OCT-2023  7:12:20 PM
! INFO-      
