STEP to UG
! INFO-     NX STEP AP203 - V2007
! INFO-      
! INFO-     Start of Translation: 22-OCT-2023  9:11:37 PM
! INFO-      
! STATUS-   Converting Part: C:\Users\k106\OneDrive - 홍익대학교\제21회 임베디드 소프트웨어 경진대회\modeling\sparkfun-gps-ublox-m9n-1.snapshot.6\Sparkfun_Ublox_M9N.STEP
! SUMMARY-   
! SUMMARY-    STEP Header Information
! SUMMARY-   
! SUMMARY-  Description      STEP AP214
! SUMMARY-  Imp_Level        1
! SUMMARY-  File_Name        Sparkfun_Ublox_M9N.STEP
! SUMMARY-  Date             2023-10-08T07:31:22
! SUMMARY-  Author           Unknown
! SUMMARY-  Organization     Unknown
! SUMMARY-  Pre_Version      SwSTEP 2.0
! SUMMARY-  Orig_System      SolidWorks 2022
! SUMMARY-  Authorization    Unknown
! SUMMARY-  Schema_ID        automotive_design
! SUMMARY-   
! SUMMARY-    Summary of STEP Entities
! SUMMARY-   
! SUMMARY-  Entity Type                                                   Count
! SUMMARY-  -----------                                                   ------
! SUMMARY-  advanced_face ..............................................:   1495
! SUMMARY-  application_context ........................................:      2
! SUMMARY-  axis2_placement_3d .........................................:   1845
! SUMMARY-  b_spline_curve_with_knots ..................................:     25
! SUMMARY-  b_spline_curve_with_knots_and_rational_b_spline_curve ......:      8
! SUMMARY-  b_spline_surface_with_knots ................................:      3
! SUMMARY-  b_spline_surface_with_knots_and_rational_b_spline_surface ..:      2
! SUMMARY-  cartesian_point ............................................:   7673
! SUMMARY-  circle .....................................................:    354
! SUMMARY-  closed_shell ...............................................:    147
! SUMMARY-  conical_surface ............................................:      2
! SUMMARY-  cylindrical_surface ........................................:    179
! SUMMARY-  direction ..................................................:   6851
! SUMMARY-  edge_curve .................................................:   3548
! SUMMARY-  edge_loop ..................................................:   1544
! SUMMARY-  face_bound .................................................:     49
! SUMMARY-  face_outer_bound ...........................................:   1495
! SUMMARY-  geometric_representation_context_and_global_uncertainty_a ..:   1514
! SUMMARY-  length_unit_and_si_unit ....................................:   1514
! SUMMARY-  line .......................................................:   3161
! SUMMARY-  manifold_solid_brep ........................................:    147
! SUMMARY-  oriented_edge ..............................................:   7096
! SUMMARY-  plane ......................................................:   1309
! SUMMARY-  plane_angle_unit_and_si_unit ...............................:   1514
! SUMMARY-  product ....................................................:      1
! SUMMARY-  product_context ............................................:      1
! SUMMARY-  product_definition .........................................:      1
! SUMMARY-  product_definition_context .................................:      1
! SUMMARY-  product_definition_formation_with_specified_source .........:      1
! SUMMARY-  product_definition_shape ...................................:      1
! SUMMARY-  product_related_product_category ...........................:      1
! SUMMARY-  si_unit_and_solid_angle_unit ...............................:   1514
! SUMMARY-  uncertainty_measure_with_unit ..............................:   1514
! SUMMARY-  vector .....................................................:   3161
! SUMMARY-  vertex_point ...............................................:   2346
! SUMMARY-                                                               -------
! SUMMARY-  Total                                                          50019
! STATUS-    
! STATUS-   Converting to Output Form (Phase 2 of 3): 22-OCT-2023 9:11:38 PM
! STATUS-    
! STATUS-    
! STATUS-   Generating UG geometry and placing them in parts
! STATUS-    
! STATUS-   Creating the UG part (Phase 3 of 3): 22-OCT-2023  9:11:41 PM
! INFO-     Filing Part ..: C:\Users\k106\OneDrive - 홍익대학교\제21회 임베디드 소프트웨어 경진대회\modeling\Sparkfun_Ublox_M9N.prt
! SUMMARY-   
! SUMMARY-  Summary of Unigraphics Part Entities
! SUMMARY-   
! SUMMARY-  Entities Processed             Count
! SUMMARY-  ------------------             -----
! SUMMARY-  Solid .......................:   147
! SUMMARY-                                 -----
! SUMMARY-  Total                            147
! INFO-      
! INFO-     Total number of solids input for this translation       :       147
! INFO-      
! INFO-     Number of solids created without body validation faults :       147
! INFO-      
! INFO-     Number of solids created with body validation fault(s)  :         0
! INFO-      
! INFO-     Number of solids ending up as sheet bodies              :         0
! INFO-      
! INFO-     End of Translation: 22-OCT-2023  9:11:42 PM
! INFO-      
